#
# There is insufficient memory for the Java Runtime Environment to continue.
# Native memory allocation (mmap) failed to map 303038464 bytes for committing reserved memory.
# Possible reasons:
#   The system is out of physical RAM or swap space
#   In 32 bit mode, the process size limit was hit
# Possible solutions:
#   Reduce memory load on the system
#   Increase physical memory or swap space
#   Check if swap backing store is full
#   Use 64 bit Java on a 64 bit OS
#   Decrease Java heap size (-Xmx/-Xms)
#   Decrease number of Java threads
#   Decrease Java thread stack sizes (-Xss)
#   Set larger code cache with -XX:ReservedCodeCacheSize=
# This output file may be truncated or incomplete.
#
#  Out of Memory Error (os_linux.cpp:2640), pid=10671, tid=0x00007f14003f3700
#
# JRE version: Java(TM) SE Runtime Environment (8.0_161-b12) (build 1.8.0_161-b12)
# Java VM: Java HotSpot(TM) 64-Bit Server VM (25.161-b12 mixed mode linux-amd64 compressed oops)
# Failed to write core dump. Core dumps have been disabled. To enable core dumping, try "ulimit -c unlimited" before starting Java again
#

---------------  T H R E A D  ---------------

Current thread (0x00007f1410143800):  VMThread [stack: 0x00007f14002f3000,0x00007f14003f4000] [id=10677]

Stack: [0x00007f14002f3000,0x00007f14003f4000],  sp=0x00007f14003f21a0,  free space=1020k
Native frames: (J=compiled Java code, j=interpreted, Vv=VM code, C=native code)
V  [libjvm.so+0xacf94a]  VMError::report_and_die()+0x2ba
V  [libjvm.so+0x50050b]  report_vm_out_of_memory(char const*, int, unsigned long, VMErrorType, char const*)+0x8b
V  [libjvm.so+0x92b133]  os::Linux::commit_memory_impl(char*, unsigned long, bool)+0x103
V  [libjvm.so+0x92b5c9]  os::pd_commit_memory(char*, unsigned long, unsigned long, bool)+0x29
V  [libjvm.so+0x924c0a]  os::commit_memory(char*, unsigned long, unsigned long, bool)+0x2a
V  [libjvm.so+0x99ab53]  PSVirtualSpace::expand_by(unsigned long)+0x53
V  [libjvm.so+0x99bf58]  PSYoungGen::resize_generation(unsigned long, unsigned long)+0xf8
V  [libjvm.so+0x99b0b2]  PSYoungGen::resize(unsigned long, unsigned long)+0x22
V  [libjvm.so+0x99838b]  PSScavenge::invoke_no_policy()+0xf3b
V  [libjvm.so+0x998b11]  PSScavenge::invoke()+0x41
V  [libjvm.so+0x94f5a0]  ParallelScavengeHeap::failed_mem_allocate(unsigned long)+0x70
V  [libjvm.so+0xad13c7]  VM_ParallelGCFailedAllocation::doit()+0x97
V  [libjvm.so+0xad8ed5]  VM_Operation::evaluate()+0x55
V  [libjvm.so+0xad729a]  VMThread::evaluate_operation(VM_Operation*)+0xba
V  [libjvm.so+0xad761e]  VMThread::loop()+0x1ce
V  [libjvm.so+0xad7a90]  VMThread::run()+0x70
V  [libjvm.so+0x92da28]  java_start(Thread*)+0x108

VM_Operation (0x00007f13f9c833d0): ParallelGCFailedAllocation, mode: safepoint, requested by thread 0x00007f14102ba800


---------------  P R O C E S S  ---------------

Java Threads: ( => current thread )
  0x00007f14102ca800 JavaThread "pool-1-thread-20" [_thread_blocked, id=10705, stack(0x00007f13f927b000,0x00007f13f937c000)]
  0x00007f14102c8800 JavaThread "pool-1-thread-19" [_thread_blocked, id=10704, stack(0x00007f13f937c000,0x00007f13f947d000)]
  0x00007f14102c3000 JavaThread "pool-1-thread-18" [_thread_blocked, id=10703, stack(0x00007f13f947d000,0x00007f13f957e000)]
  0x00007f14102c5000 JavaThread "pool-1-thread-17" [_thread_blocked, id=10702, stack(0x00007f13f957e000,0x00007f13f967f000)]
  0x00007f141029d800 JavaThread "pool-1-thread-16" [_thread_blocked, id=10701, stack(0x00007f13f967f000,0x00007f13f9780000)]
  0x00007f14102c1800 JavaThread "pool-1-thread-15" [_thread_blocked, id=10700, stack(0x00007f13f9780000,0x00007f13f9881000)]
  0x00007f14102c0000 JavaThread "pool-1-thread-14" [_thread_blocked, id=10699, stack(0x00007f13f9881000,0x00007f13f9982000)]
  0x00007f14102be000 JavaThread "pool-1-thread-13" [_thread_blocked, id=10698, stack(0x00007f13f9982000,0x00007f13f9a83000)]
  0x00007f14102bc800 JavaThread "pool-1-thread-12" [_thread_blocked, id=10697, stack(0x00007f13f9a83000,0x00007f13f9b84000)]
  0x00007f14102ba800 JavaThread "pool-1-thread-11" [_thread_blocked, id=10696, stack(0x00007f13f9b84000,0x00007f13f9c85000)]
  0x00007f14102b8800 JavaThread "pool-1-thread-10" [_thread_blocked, id=10695, stack(0x00007f13f9c85000,0x00007f13f9d86000)]
  0x00007f14102b6800 JavaThread "pool-1-thread-9" [_thread_blocked, id=10694, stack(0x00007f13f9d86000,0x00007f13f9e87000)]
  0x00007f14102b4800 JavaThread "pool-1-thread-8" [_thread_blocked, id=10693, stack(0x00007f13f9e87000,0x00007f13f9f88000)]
  0x00007f14102b3000 JavaThread "pool-1-thread-7" [_thread_blocked, id=10692, stack(0x00007f13f9f88000,0x00007f13fa089000)]
  0x00007f14102b1000 JavaThread "pool-1-thread-6" [_thread_blocked, id=10691, stack(0x00007f13fa089000,0x00007f13fa18a000)]
  0x00007f14102af800 JavaThread "pool-1-thread-5" [_thread_blocked, id=10690, stack(0x00007f13fa18a000,0x00007f13fa28b000)]
  0x00007f14102ad800 JavaThread "pool-1-thread-4" [_thread_blocked, id=10689, stack(0x00007f13fa28b000,0x00007f13fa38c000)]
  0x00007f14102a8800 JavaThread "pool-1-thread-3" [_thread_blocked, id=10688, stack(0x00007f13fa38c000,0x00007f13fa48d000)]
  0x00007f14102aa000 JavaThread "pool-1-thread-2" [_thread_blocked, id=10687, stack(0x00007f13fa48d000,0x00007f13fa58e000)]
  0x00007f14102a7800 JavaThread "pool-1-thread-1" [_thread_blocked, id=10686, stack(0x00007f13fa58e000,0x00007f13fa68f000)]
  0x00007f1410194800 JavaThread "Service Thread" daemon [_thread_blocked, id=10684, stack(0x00007f13fb823000,0x00007f13fb924000)]
  0x00007f1410189000 JavaThread "C1 CompilerThread2" daemon [_thread_blocked, id=10683, stack(0x00007f13fb924000,0x00007f13fba25000)]
  0x00007f1410187800 JavaThread "C2 CompilerThread1" daemon [_thread_blocked, id=10682, stack(0x00007f13fba25000,0x00007f13fbb26000)]
  0x00007f1410184800 JavaThread "C2 CompilerThread0" daemon [_thread_blocked, id=10681, stack(0x00007f13fbb26000,0x00007f13fbc27000)]
  0x00007f1410183000 JavaThread "Signal Dispatcher" daemon [_thread_blocked, id=10680, stack(0x00007f13fbc27000,0x00007f13fbd28000)]
  0x00007f141014f800 JavaThread "Finalizer" daemon [_thread_blocked, id=10679, stack(0x00007f14000f1000,0x00007f14001f2000)]
  0x00007f141014b000 JavaThread "Reference Handler" daemon [_thread_blocked, id=10678, stack(0x00007f14001f2000,0x00007f14002f3000)]
  0x00007f141000e800 JavaThread "main" [_thread_blocked, id=10672, stack(0x00007f14197b7000,0x00007f14198b8000)]

Other Threads:
=>0x00007f1410143800 VMThread [stack: 0x00007f14002f3000,0x00007f14003f4000] [id=10677]
  0x00007f1410199000 WatcherThread [stack: 0x00007f13fb722000,0x00007f13fb823000] [id=10685]

VM state:at safepoint (normal execution)

VM Mutex/Monitor currently owned by a thread:  ([mutex/lock_event])
[0x00007f141000aa80] Threads_lock - owner thread: 0x00007f1410143800
[0x00007f141000af80] Heap_lock - owner thread: 0x00007f14102ba800

Heap:
 PSYoungGen      total 253440K, used 9726K [0x0000000771b80000, 0x0000000781c80000, 0x00000007c0000000)
  eden space 243712K, 0% used [0x0000000771b80000,0x0000000771b80000,0x0000000780980000)
  from space 9728K, 99% used [0x0000000780980000,0x00000007812ffb78,0x0000000781300000)
  to   space 9728K, 0% used [0x0000000781300000,0x0000000781300000,0x0000000781c80000)
 ParOldGen       total 161280K, used 78995K [0x00000006d5200000, 0x00000006def80000, 0x0000000771b80000)
  object space 161280K, 48% used [0x00000006d5200000,0x00000006d9f24ee8,0x00000006def80000)
 Metaspace       used 13391K, capacity 14242K, committed 14336K, reserved 1060864K
  class space    used 1762K, capacity 1961K, committed 2048K, reserved 1048576K

Card table byte_map: [0x00007f1415df9000,0x00007f1416551000] byte_map_base: 0x00007f1412750000

Marking Bits: (ParMarkBitMap*) 0x00007f1418c88920
 Begin Bits: [0x00007f13dca90000, 0x00007f13e0548000)
 End Bits:   [0x00007f13e0548000, 0x00007f13e4000000)

Polling page: 0x00007f14198db000

CodeCache: size=245760Kb used=5070Kb max_used=5070Kb free=240689Kb
 bounds [0x00007f1401000000, 0x00007f1401500000, 0x00007f1410000000]
 total_blobs=2123 nmethods=1773 adapters=263
 compilation: enabled

Compilation events (10 events):
Event: 2.738 Thread 0x00007f1410189000 nmethod 2130 0x00007f14014f49d0 code [0x00007f14014f4b20, 0x00007f14014f4c70]
Event: 2.738 Thread 0x00007f1410189000 2144       2       java.util.stream.StreamOpFlag::isKnown (19 bytes)
Event: 2.738 Thread 0x00007f1410189000 nmethod 2144 0x00007f14014f4cd0 code [0x00007f14014f4e20, 0x00007f14014f4f90]
Event: 2.738 Thread 0x00007f1410189000 2116       2       java.util.stream.AbstractPipeline::evaluate (94 bytes)
Event: 2.739 Thread 0x00007f1410189000 nmethod 2116 0x00007f14014f5010 code [0x00007f14014f51e0, 0x00007f14014f5508]
Event: 2.739 Thread 0x00007f1410189000 2166       2       java.util.stream.AbstractPipeline::sourceSpliterator (265 bytes)
Event: 2.740 Thread 0x00007f1410189000 nmethod 2166 0x00007f14014f5710 code [0x00007f14014f58e0, 0x00007f14014f5f28]
Event: 2.740 Thread 0x00007f1410189000 2167       2       java.util.stream.AbstractPipeline::wrapAndCopyInto (18 bytes)
Event: 2.740 Thread 0x00007f1410189000 nmethod 2167 0x00007f14014f6450 code [0x00007f14014f65e0, 0x00007f14014f6828]
Event: 2.740 Thread 0x00007f1410189000 2175       2       java.util.stream.AbstractPipeline::copyInto (53 bytes)

GC Heap History (9 events):
Event: 0.762 GC heap before
{Heap before GC invocations=1 (full 0):
 PSYoungGen      total 70656K, used 60928K [0x0000000771b80000, 0x0000000776a00000, 0x00000007c0000000)
  eden space 60928K, 100% used [0x0000000771b80000,0x0000000775700000,0x0000000775700000)
  from space 9728K, 0% used [0x0000000776080000,0x0000000776080000,0x0000000776a00000)
  to   space 9728K, 0% used [0x0000000775700000,0x0000000775700000,0x0000000776080000)
 ParOldGen       total 161280K, used 0K [0x00000006d5200000, 0x00000006def80000, 0x0000000771b80000)
  object space 161280K, 0% used [0x00000006d5200000,0x00000006d5200000,0x00000006def80000)
 Metaspace       used 9098K, capacity 9466K, committed 9600K, reserved 1056768K
  class space    used 1214K, capacity 1303K, committed 1408K, reserved 1048576K
Event: 0.776 GC heap after
Heap after GC invocations=1 (full 0):
 PSYoungGen      total 70656K, used 9697K [0x0000000771b80000, 0x000000077a580000, 0x00000007c0000000)
  eden space 60928K, 0% used [0x0000000771b80000,0x0000000771b80000,0x0000000775700000)
  from space 9728K, 99% used [0x0000000775700000,0x0000000776078620,0x0000000776080000)
  to   space 9728K, 0% used [0x0000000779c00000,0x0000000779c00000,0x000000077a580000)
 ParOldGen       total 161280K, used 8162K [0x00000006d5200000, 0x00000006def80000, 0x0000000771b80000)
  object space 161280K, 5% used [0x00000006d5200000,0x00000006d59f8b70,0x00000006def80000)
 Metaspace       used 9098K, capacity 9466K, committed 9600K, reserved 1056768K
  class space    used 1214K, capacity 1303K, committed 1408K, reserved 1048576K
}
Event: 1.299 GC heap before
{Heap before GC invocations=2 (full 0):
 PSYoungGen      total 70656K, used 70625K [0x0000000771b80000, 0x000000077a580000, 0x00000007c0000000)
  eden space 60928K, 100% used [0x0000000771b80000,0x0000000775700000,0x0000000775700000)
  from space 9728K, 99% used [0x0000000775700000,0x0000000776078620,0x0000000776080000)
  to   space 9728K, 0% used [0x0000000779c00000,0x0000000779c00000,0x000000077a580000)
 ParOldGen       total 161280K, used 8162K [0x00000006d5200000, 0x00000006def80000, 0x0000000771b80000)
  object space 161280K, 5% used [0x00000006d5200000,0x00000006d59f8b70,0x00000006def80000)
 Metaspace       used 12891K, capacity 13726K, committed 13952K, reserved 1060864K
  class space    used 1708K, capacity 1897K, committed 1920K, reserved 1048576K
Event: 1.322 GC heap after
Heap after GC invocations=2 (full 0):
 PSYoungGen      total 131584K, used 9698K [0x0000000771b80000, 0x000000077a580000, 0x00000007c0000000)
  eden space 121856K, 0% used [0x0000000771b80000,0x0000000771b80000,0x0000000779280000)
  from space 9728K, 99% used [0x0000000779c00000,0x000000077a5789c0,0x000000077a580000)
  to   space 9728K, 0% used [0x0000000779280000,0x0000000779280000,0x0000000779c00000)
 ParOldGen       total 161280K, used 19985K [0x00000006d5200000, 0x00000006def80000, 0x0000000771b80000)
  object space 161280K, 12% used [0x00000006d5200000,0x00000006d6584688,0x00000006def80000)
 Metaspace       used 12891K, capacity 13726K, committed 13952K, reserved 1060864K
  class space    used 1708K, capacity 1897K, committed 1920K, reserved 1048576K
}
Event: 1.651 GC heap before
{Heap before GC invocations=3 (full 0):
 PSYoungGen      total 131584K, used 131554K [0x0000000771b80000, 0x000000077a580000, 0x00000007c0000000)
  eden space 121856K, 100% used [0x0000000771b80000,0x0000000779280000,0x0000000779280000)
  from space 9728K, 99% used [0x0000000779c00000,0x000000077a5789c0,0x000000077a580000)
  to   space 9728K, 0% used [0x0000000779280000,0x0000000779280000,0x0000000779c00000)
 ParOldGen       total 161280K, used 19985K [0x00000006d5200000, 0x00000006def80000, 0x0000000771b80000)
  object space 161280K, 12% used [0x00000006d5200000,0x00000006d6584688,0x00000006def80000)
 Metaspace       used 13154K, capacity 13982K, committed 14080K, reserved 1060864K
  class space    used 1760K, capacity 1961K, committed 2048K, reserved 1048576K
Event: 1.683 GC heap after
Heap after GC invocations=3 (full 0):
 PSYoungGen      total 131584K, used 9712K [0x0000000771b80000, 0x0000000781c80000, 0x00000007c0000000)
  eden space 121856K, 0% used [0x0000000771b80000,0x0000000771b80000,0x0000000779280000)
  from space 9728K, 99% used [0x0000000779280000,0x0000000779bfc2c0,0x0000000779c00000)
  to   space 9728K, 0% used [0x0000000781300000,0x0000000781300000,0x0000000781c80000)
 ParOldGen       total 161280K, used 38624K [0x00000006d5200000, 0x00000006def80000, 0x0000000771b80000)
  object space 161280K, 23% used [0x00000006d5200000,0x00000006d77b8048,0x00000006def80000)
 Metaspace       used 13154K, capacity 13982K, committed 14080K, reserved 1060864K
  class space    used 1760K, capacity 1961K, committed 2048K, reserved 1048576K
}
Event: 1.995 GC heap before
{Heap before GC invocations=4 (full 0):
 PSYoungGen      total 131584K, used 131568K [0x0000000771b80000, 0x0000000781c80000, 0x00000007c0000000)
  eden space 121856K, 100% used [0x0000000771b80000,0x0000000779280000,0x0000000779280000)
  from space 9728K, 99% used [0x0000000779280000,0x0000000779bfc2c0,0x0000000779c00000)
  to   space 9728K, 0% used [0x0000000781300000,0x0000000781300000,0x0000000781c80000)
 ParOldGen       total 161280K, used 38624K [0x00000006d5200000, 0x00000006def80000, 0x0000000771b80000)
  object space 161280K, 23% used [0x00000006d5200000,0x00000006d77b8048,0x00000006def80000)
 Metaspace       used 13194K, capacity 14046K, committed 14336K, reserved 1060864K
  class space    used 1762K, capacity 1961K, committed 2048K, reserved 1048576K
Event: 2.036 GC heap after
Heap after GC invocations=4 (full 0):
 PSYoungGen      total 253440K, used 9723K [0x0000000771b80000, 0x0000000781c80000, 0x00000007c0000000)
  eden space 243712K, 0% used [0x0000000771b80000,0x0000000771b80000,0x0000000780980000)
  from space 9728K, 99% used [0x0000000781300000,0x0000000781c7ef10,0x0000000781c80000)
  to   space 9728K, 0% used [0x0000000780980000,0x0000000780980000,0x0000000781300000)
 ParOldGen       total 161280K, used 63695K [0x00000006d5200000, 0x00000006def80000, 0x0000000771b80000)
  object space 161280K, 39% used [0x00000006d5200000,0x00000006d9033e18,0x00000006def80000)
 Metaspace       used 13194K, capacity 14046K, committed 14336K, reserved 1060864K
  class space    used 1762K, capacity 1961K, committed 2048K, reserved 1048576K
}
Event: 2.741 GC heap before
{Heap before GC invocations=5 (full 0):
 PSYoungGen      total 253440K, used 253435K [0x0000000771b80000, 0x0000000781c80000, 0x00000007c0000000)
  eden space 243712K, 100% used [0x0000000771b80000,0x0000000780980000,0x0000000780980000)
  from space 9728K, 99% used [0x0000000781300000,0x0000000781c7ef10,0x0000000781c80000)
  to   space 9728K, 0% used [0x0000000780980000,0x0000000780980000,0x0000000781300000)
 ParOldGen       total 161280K, used 63695K [0x00000006d5200000, 0x00000006def80000, 0x0000000771b80000)
  object space 161280K, 39% used [0x00000006d5200000,0x00000006d9033e18,0x00000006def80000)
 Metaspace       used 13391K, capacity 14242K, committed 14336K, reserved 1060864K
  class space    used 1762K, capacity 1961K, committed 2048K, reserved 1048576K

Deoptimization events (10 events):
Event: 1.451 Thread 0x00007f14102ad800 Uncommon trap: reason=class_check action=maybe_recompile pc=0x00007f14013a13c8 method=org.openjdk.tools.javac.parser.JavaTokenizer.readToken()Lorg/openjdk/tools/javac/parser/Tokens$Token; @ 1424
Event: 1.500 Thread 0x00007f14102c0000 Uncommon trap: reason=unstable_if action=reinterpret pc=0x00007f140122bc58 method=org.openjdk.tools.javac.parser.UnicodeReader.scanChar()V @ 37
Event: 1.701 Thread 0x00007f141029d800 Uncommon trap: reason=class_check action=maybe_recompile pc=0x00007f14013d0068 method=com.google.common.collect.NaturalOrdering.compare(Ljava/lang/Object;Ljava/lang/Object;)I @ 2
Event: 1.701 Thread 0x00007f141029d800 Uncommon trap: reason=class_check action=maybe_recompile pc=0x00007f14013d0068 method=com.google.common.collect.NaturalOrdering.compare(Ljava/lang/Object;Ljava/lang/Object;)I @ 2
Event: 1.701 Thread 0x00007f141029d800 Uncommon trap: reason=class_check action=maybe_recompile pc=0x00007f14013d0068 method=com.google.common.collect.NaturalOrdering.compare(Ljava/lang/Object;Ljava/lang/Object;)I @ 2
Event: 1.701 Thread 0x00007f141029d800 Uncommon trap: reason=class_check action=maybe_recompile pc=0x00007f14013d0068 method=com.google.common.collect.NaturalOrdering.compare(Ljava/lang/Object;Ljava/lang/Object;)I @ 2
Event: 2.144 Thread 0x00007f14102c0000 Uncommon trap: reason=class_check action=maybe_recompile pc=0x00007f140142a184 method=org.openjdk.tools.javac.parser.JavaTokenizer.readToken()Lorg/openjdk/tools/javac/parser/Tokens$Token; @ 1247
Event: 2.222 Thread 0x00007f14102ad800 Uncommon trap: reason=class_check action=maybe_recompile pc=0x00007f140142a184 method=org.openjdk.tools.javac.parser.JavaTokenizer.readToken()Lorg/openjdk/tools/javac/parser/Tokens$Token; @ 1247
Event: 2.665 Thread 0x00007f14102ca800 Uncommon trap: reason=class_check action=maybe_recompile pc=0x00007f140148c1bc method=com.google.common.collect.Lists$TransformingRandomAccessList.get(I)Ljava/lang/Object; @ 14
Event: 2.737 Thread 0x00007f14102ba800 Uncommon trap: reason=class_check action=maybe_recompile pc=0x00007f140148c1bc method=com.google.common.collect.Lists$TransformingRandomAccessList.get(I)Ljava/lang/Object; @ 14

Classes redefined (0 events):
No events

Internal exceptions (10 events):
Event: 0.025 Thread 0x00007f141000e800 Exception <a 'java/lang/NoSuchMethodError': Method sun.misc.Unsafe.defineClass(Ljava/lang/String;[BII)Ljava/lang/Class; name or signature does not match> (0x0000000771b87ca0) thrown at [/HUDSON/workspace/8-2-build-linux-amd64/jdk8u161/10277/hotspot/src/sh
Event: 0.025 Thread 0x00007f141000e800 Exception <a 'java/lang/NoSuchMethodError': Method sun.misc.Unsafe.prefetchRead(Ljava/lang/Object;J)V name or signature does not match> (0x0000000771b87f88) thrown at [/HUDSON/workspace/8-2-build-linux-amd64/jdk8u161/10277/hotspot/src/share/vm/prims/jni.c
Event: 0.271 Thread 0x00007f14102ba800 Exception <a 'java/lang/NoSuchFieldError': method resolution failed> (0x00000007739e44b0) thrown at [/HUDSON/workspace/8-2-build-linux-amd64/jdk8u161/10277/hotspot/src/share/vm/prims/methodHandles.cpp, line 1167]
Event: 0.272 Thread 0x00007f14102ba800 Exception <a 'java/lang/NoSuchFieldError': method resolution failed> (0x00000007739f1c20) thrown at [/HUDSON/workspace/8-2-build-linux-amd64/jdk8u161/10277/hotspot/src/share/vm/prims/methodHandles.cpp, line 1167]
Event: 0.326 Thread 0x00007f14102c3000 Exception <a 'java/security/PrivilegedActionException'> (0x00000007735d7b18) thrown at [/HUDSON/workspace/8-2-build-linux-amd64/jdk8u161/10277/hotspot/src/share/vm/prims/jvm.cpp, line 1390]
Event: 0.326 Thread 0x00007f14102c3000 Exception <a 'java/security/PrivilegedActionException'> (0x00000007735d7f10) thrown at [/HUDSON/workspace/8-2-build-linux-amd64/jdk8u161/10277/hotspot/src/share/vm/prims/jvm.cpp, line 1390]
Event: 0.327 Thread 0x00007f14102c3000 Exception <a 'java/security/PrivilegedActionException'> (0x00000007735da748) thrown at [/HUDSON/workspace/8-2-build-linux-amd64/jdk8u161/10277/hotspot/src/share/vm/prims/jvm.cpp, line 1390]
Event: 0.327 Thread 0x00007f14102c3000 Exception <a 'java/security/PrivilegedActionException'> (0x00000007735dab40) thrown at [/HUDSON/workspace/8-2-build-linux-amd64/jdk8u161/10277/hotspot/src/share/vm/prims/jvm.cpp, line 1390]
Event: 1.181 Thread 0x00007f14102b1000 Exception <a 'java/lang/NoSuchMethodError': java.lang.Object.lambda$comparing$77a9974f$1(Ljava/util/function/Function;Ljava/lang/Object;Ljava/lang/Object;)I> (0x0000000773a4e220) thrown at [/HUDSON/workspace/8-2-build-linux-amd64/jdk8u161/10277/hotspot/sr
Event: 1.181 Thread 0x00007f14102a7800 Exception <a 'java/lang/NoSuchMethodError': java.lang.Object.lambda$comparing$77a9974f$1(Ljava/util/function/Function;Ljava/lang/Object;Ljava/lang/Object;)I> (0x0000000773871ec0) thrown at [/HUDSON/workspace/8-2-build-linux-amd64/jdk8u161/10277/hotspot/sr

Events (10 events):
Event: 2.464 Thread 0x00007f14102ca800 DEOPT UNPACKING pc=0x00007f1401047784 sp=0x00007f13f93786d0 mode 0
Event: 2.547 Thread 0x00007f14102ba800 DEOPT PACKING pc=0x00007f140140922a sp=0x00007f13f9c82250
Event: 2.547 Thread 0x00007f14102ba800 DEOPT UNPACKING pc=0x00007f1401047784 sp=0x00007f13f9c81ff8 mode 0
Event: 2.665 Thread 0x00007f14102ca800 Uncommon trap: trap_request=0xffffffde fr.pc=0x00007f140148c1bc
Event: 2.665 Thread 0x00007f14102ca800 DEOPT PACKING pc=0x00007f140148c1bc sp=0x00007f13f937a000
Event: 2.666 Thread 0x00007f14102ca800 DEOPT UNPACKING pc=0x00007f140104573a sp=0x00007f13f9379f48 mode 2
Event: 2.737 Thread 0x00007f14102ba800 Uncommon trap: trap_request=0xffffffde fr.pc=0x00007f140148c1bc
Event: 2.737 Thread 0x00007f14102ba800 DEOPT PACKING pc=0x00007f140148c1bc sp=0x00007f13f9c83380
Event: 2.737 Thread 0x00007f14102ba800 DEOPT UNPACKING pc=0x00007f140104573a sp=0x00007f13f9c832c8 mode 2
Event: 2.740 Executing VM operation: ParallelGCFailedAllocation


Dynamic libraries:
00400000-00401000 r-xp 00000000 08:01 162704                             /usr/lib/jvm/java-8-oracle/jre/bin/java
00600000-00601000 rw-p 00000000 08:01 162704                             /usr/lib/jvm/java-8-oracle/jre/bin/java
013cb000-0142f000 rw-p 00000000 00:00 0                                  [heap]
6d5200000-6def80000 rw-p 00000000 00:00 0 
6def80000-771b80000 ---p 00000000 00:00 0 
771b80000-781c80000 rw-p 00000000 00:00 0 
793d80000-7c0000000 ---p 00000000 00:00 0 
7c0000000-7c0200000 rw-p 00000000 00:00 0 
7c0200000-800000000 ---p 00000000 00:00 0 
7f1378000000-7f1378055000 rw-p 00000000 00:00 0 
7f1378055000-7f137c000000 ---p 00000000 00:00 0 
7f137c000000-7f137c092000 rw-p 00000000 00:00 0 
7f137c092000-7f1380000000 ---p 00000000 00:00 0 
7f1380000000-7f1380029000 rw-p 00000000 00:00 0 
7f1380029000-7f1384000000 ---p 00000000 00:00 0 
7f1384000000-7f138404f000 rw-p 00000000 00:00 0 
7f138404f000-7f1388000000 ---p 00000000 00:00 0 
7f1388000000-7f1388109000 rw-p 00000000 00:00 0 
7f1388109000-7f138c000000 ---p 00000000 00:00 0 
7f138c000000-7f138c028000 rw-p 00000000 00:00 0 
7f138c028000-7f1390000000 ---p 00000000 00:00 0 
7f1390000000-7f1390021000 rw-p 00000000 00:00 0 
7f1390021000-7f1394000000 ---p 00000000 00:00 0 
7f1394000000-7f139412d000 rw-p 00000000 00:00 0 
7f139412d000-7f1398000000 ---p 00000000 00:00 0 
7f1398000000-7f1398021000 rw-p 00000000 00:00 0 
7f1398021000-7f139c000000 ---p 00000000 00:00 0 
7f139c000000-7f139c051000 rw-p 00000000 00:00 0 
7f139c051000-7f13a0000000 ---p 00000000 00:00 0 
7f13a0000000-7f13a00ac000 rw-p 00000000 00:00 0 
7f13a00ac000-7f13a4000000 ---p 00000000 00:00 0 
7f13a4000000-7f13a403c000 rw-p 00000000 00:00 0 
7f13a403c000-7f13a8000000 ---p 00000000 00:00 0 
7f13a8000000-7f13a8021000 rw-p 00000000 00:00 0 
7f13a8021000-7f13ac000000 ---p 00000000 00:00 0 
7f13ac000000-7f13ac053000 rw-p 00000000 00:00 0 
7f13ac053000-7f13b0000000 ---p 00000000 00:00 0 
7f13b0000000-7f13b0035000 rw-p 00000000 00:00 0 
7f13b0035000-7f13b4000000 ---p 00000000 00:00 0 
7f13b4000000-7f13b408a000 rw-p 00000000 00:00 0 
7f13b408a000-7f13b8000000 ---p 00000000 00:00 0 
7f13b8000000-7f13b8021000 rw-p 00000000 00:00 0 
7f13b8021000-7f13bc000000 ---p 00000000 00:00 0 
7f13bc000000-7f13bc032000 rw-p 00000000 00:00 0 
7f13bc032000-7f13c0000000 ---p 00000000 00:00 0 
7f13c0000000-7f13c0724000 rw-p 00000000 00:00 0 
7f13c0724000-7f13c4000000 ---p 00000000 00:00 0 
7f13c4000000-7f13c4021000 rw-p 00000000 00:00 0 
7f13c4021000-7f13c8000000 ---p 00000000 00:00 0 
7f13c8000000-7f13c8987000 rw-p 00000000 00:00 0 
7f13c8987000-7f13cc000000 ---p 00000000 00:00 0 
7f13cc000000-7f13cc8fa000 rw-p 00000000 00:00 0 
7f13cc8fa000-7f13d0000000 ---p 00000000 00:00 0 
7f13d0000000-7f13d0021000 rw-p 00000000 00:00 0 
7f13d0021000-7f13d4000000 ---p 00000000 00:00 0 
7f13d4000000-7f13d4021000 rw-p 00000000 00:00 0 
7f13d4021000-7f13d8000000 ---p 00000000 00:00 0 
7f13d8000000-7f13d8021000 rw-p 00000000 00:00 0 
7f13d8021000-7f13dc000000 ---p 00000000 00:00 0 
7f13dca90000-7f13e4000000 rw-p 00000000 00:00 0 
7f13e4000000-7f13e4021000 rw-p 00000000 00:00 0 
7f13e4021000-7f13e8000000 ---p 00000000 00:00 0 
7f13e8000000-7f13e8291000 rw-p 00000000 00:00 0 
7f13e8291000-7f13ec000000 ---p 00000000 00:00 0 
7f13ec000000-7f13ec021000 rw-p 00000000 00:00 0 
7f13ec021000-7f13f0000000 ---p 00000000 00:00 0 
7f13f4000000-7f13f4021000 rw-p 00000000 00:00 0 
7f13f4021000-7f13f8000000 ---p 00000000 00:00 0 
7f13f8e7b000-7f13f907b000 rw-p 00000000 00:00 0 
7f13f907b000-7f13f927b000 rw-p 00000000 00:00 0 
7f13f927b000-7f13f927e000 ---p 00000000 00:00 0 
7f13f927e000-7f13f937c000 rw-p 00000000 00:00 0 
7f13f937c000-7f13f937f000 ---p 00000000 00:00 0 
7f13f937f000-7f13f947d000 rw-p 00000000 00:00 0 
7f13f947d000-7f13f9480000 ---p 00000000 00:00 0 
7f13f9480000-7f13f957e000 rw-p 00000000 00:00 0 
7f13f957e000-7f13f9581000 ---p 00000000 00:00 0 
7f13f9581000-7f13f967f000 rw-p 00000000 00:00 0 
7f13f967f000-7f13f9682000 ---p 00000000 00:00 0 
7f13f9682000-7f13f9780000 rw-p 00000000 00:00 0 
7f13f9780000-7f13f9783000 ---p 00000000 00:00 0 
7f13f9783000-7f13f9881000 rw-p 00000000 00:00 0 
7f13f9881000-7f13f9884000 ---p 00000000 00:00 0 
7f13f9884000-7f13f9982000 rw-p 00000000 00:00 0 
7f13f9982000-7f13f9985000 ---p 00000000 00:00 0 
7f13f9985000-7f13f9a83000 rw-p 00000000 00:00 0 
7f13f9a83000-7f13f9a86000 ---p 00000000 00:00 0 
7f13f9a86000-7f13f9b84000 rw-p 00000000 00:00 0 
7f13f9b84000-7f13f9b87000 ---p 00000000 00:00 0 
7f13f9b87000-7f13f9c85000 rw-p 00000000 00:00 0 
7f13f9c85000-7f13f9c88000 ---p 00000000 00:00 0 
7f13f9c88000-7f13f9d86000 rw-p 00000000 00:00 0 
7f13f9d86000-7f13f9d89000 ---p 00000000 00:00 0 
7f13f9d89000-7f13f9e87000 rw-p 00000000 00:00 0 
7f13f9e87000-7f13f9e8a000 ---p 00000000 00:00 0 
7f13f9e8a000-7f13f9f88000 rw-p 00000000 00:00 0 
7f13f9f88000-7f13f9f8b000 ---p 00000000 00:00 0 
7f13f9f8b000-7f13fa089000 rw-p 00000000 00:00 0 
7f13fa089000-7f13fa08c000 ---p 00000000 00:00 0 
7f13fa08c000-7f13fa18a000 rw-p 00000000 00:00 0 
7f13fa18a000-7f13fa18d000 ---p 00000000 00:00 0 
7f13fa18d000-7f13fa28b000 rw-p 00000000 00:00 0 
7f13fa28b000-7f13fa28e000 ---p 00000000 00:00 0 
7f13fa28e000-7f13fa38c000 rw-p 00000000 00:00 0 
7f13fa38c000-7f13fa38f000 ---p 00000000 00:00 0 
7f13fa38f000-7f13fa48d000 rw-p 00000000 00:00 0 
7f13fa48d000-7f13fa490000 ---p 00000000 00:00 0 
7f13fa490000-7f13fa58e000 rw-p 00000000 00:00 0 
7f13fa58e000-7f13fa591000 ---p 00000000 00:00 0 
7f13fa591000-7f13fb290000 rw-p 00000000 00:00 0 
7f13fb290000-7f13fb2a6000 r-xp 00000000 08:01 160233                     /usr/lib/jvm/java-8-oracle/jre/lib/amd64/libnet.so
7f13fb2a6000-7f13fb4a6000 ---p 00016000 08:01 160233                     /usr/lib/jvm/java-8-oracle/jre/lib/amd64/libnet.so
7f13fb4a6000-7f13fb4a7000 rw-p 00016000 08:01 160233                     /usr/lib/jvm/java-8-oracle/jre/lib/amd64/libnet.so
7f13fb4a7000-7f13fb4b8000 r-xp 00000000 08:01 160194                     /usr/lib/jvm/java-8-oracle/jre/lib/amd64/libnio.so
7f13fb4b8000-7f13fb6b7000 ---p 00011000 08:01 160194                     /usr/lib/jvm/java-8-oracle/jre/lib/amd64/libnio.so
7f13fb6b7000-7f13fb6b8000 rw-p 00010000 08:01 160194                     /usr/lib/jvm/java-8-oracle/jre/lib/amd64/libnio.so
7f13fb6b8000-7f13fb722000 r--s 00566000 08:01 1325483                    /home/kbuilder/.cache/synthtool/google-java-format-1.7.jar
7f13fb722000-7f13fb723000 ---p 00000000 00:00 0 
7f13fb723000-7f13fb823000 rw-p 00000000 00:00 0 
7f13fb823000-7f13fb826000 ---p 00000000 00:00 0 
7f13fb826000-7f13fb924000 rw-p 00000000 00:00 0 
7f13fb924000-7f13fb927000 ---p 00000000 00:00 0 
7f13fb927000-7f13fba25000 rw-p 00000000 00:00 0 
7f13fba25000-7f13fba28000 ---p 00000000 00:00 0 
7f13fba28000-7f13fbb26000 rw-p 00000000 00:00 0 
7f13fbb26000-7f13fbb29000 ---p 00000000 00:00 0 
7f13fbb29000-7f13fbc27000 rw-p 00000000 00:00 0 
7f13fbc27000-7f13fbc2a000 ---p 00000000 00:00 0 
7f13fbc2a000-7f13fbd28000 rw-p 00000000 00:00 0 
7f13fbd28000-7f13fc000000 r--p 00000000 08:01 899                        /usr/lib/locale/locale-archive
7f13fc000000-7f13fc021000 rw-p 00000000 00:00 0 
7f13fc021000-7f1400000000 ---p 00000000 00:00 0 
7f140005b000-7f14000f1000 r--s 0110a000 08:01 150646                     /usr/lib/jvm/java-8-oracle/jre/lib/ext/jfxrt.jar
7f14000f1000-7f14000f4000 ---p 00000000 00:00 0 
7f14000f4000-7f14001f2000 rw-p 00000000 00:00 0 
7f14001f2000-7f14001f5000 ---p 00000000 00:00 0 
7f14001f5000-7f14002f3000 rw-p 00000000 00:00 0 
7f14002f3000-7f14002f4000 ---p 00000000 00:00 0 
7f14002f4000-7f1401000000 rw-p 00000000 00:00 0 
7f1401000000-7f1401500000 rwxp 00000000 00:00 0 
7f1401500000-7f1410000000 ---p 00000000 00:00 0 
7f1410000000-7f14104f8000 rw-p 00000000 00:00 0 
7f14104f8000-7f1414000000 ---p 00000000 00:00 0 
7f1414018000-7f141436a000 rw-p 00000000 00:00 0 
7f141436a000-7f1414543000 r--s 03d64000 08:01 150641                     /usr/lib/jvm/java-8-oracle/jre/lib/rt.jar
7f1414543000-7f1415510000 rw-p 00000000 00:00 0 
7f1415510000-7f1415511000 ---p 00000000 00:00 0 
7f1415511000-7f1415611000 rw-p 00000000 00:00 0 
7f1415611000-7f1415612000 ---p 00000000 00:00 0 
7f1415612000-7f1415712000 rw-p 00000000 00:00 0 
7f1415712000-7f1415713000 ---p 00000000 00:00 0 
7f1415713000-7f1415813000 rw-p 00000000 00:00 0 
7f1415813000-7f1415814000 ---p 00000000 00:00 0 
7f1415814000-7f1415963000 rw-p 00000000 00:00 0 
7f1415963000-7f1415df9000 ---p 00000000 00:00 0 
7f1415df9000-7f1415e48000 rw-p 00000000 00:00 0 
7f1415e48000-7f14162dd000 ---p 00000000 00:00 0 
7f14162dd000-7f141635f000 rw-p 00000000 00:00 0 
7f141635f000-7f1416550000 ---p 00000000 00:00 0 
7f1416550000-7f1416565000 rw-p 00000000 00:00 0 
7f1416565000-7f1416911000 ---p 00000000 00:00 0 
7f1416911000-7f141692c000 r-xp 00000000 08:01 160221                     /usr/lib/jvm/java-8-oracle/jre/lib/amd64/libzip.so
7f141692c000-7f1416b2c000 ---p 0001b000 08:01 160221                     /usr/lib/jvm/java-8-oracle/jre/lib/amd64/libzip.so
7f1416b2c000-7f1416b2d000 rw-p 0001b000 08:01 160221                     /usr/lib/jvm/java-8-oracle/jre/lib/amd64/libzip.so
7f1416b2d000-7f1416b38000 r-xp 00000000 08:01 1048912                    /lib/x86_64-linux-gnu/libnss_files-2.23.so
7f1416b38000-7f1416d37000 ---p 0000b000 08:01 1048912                    /lib/x86_64-linux-gnu/libnss_files-2.23.so
7f1416d37000-7f1416d38000 r--p 0000a000 08:01 1048912                    /lib/x86_64-linux-gnu/libnss_files-2.23.so
7f1416d38000-7f1416d39000 rw-p 0000b000 08:01 1048912                    /lib/x86_64-linux-gnu/libnss_files-2.23.so
7f1416d39000-7f1416d3f000 rw-p 00000000 00:00 0 
7f1416d3f000-7f1416d4a000 r-xp 00000000 08:01 1048859                    /lib/x86_64-linux-gnu/libnss_nis-2.23.so
7f1416d4a000-7f1416f49000 ---p 0000b000 08:01 1048859                    /lib/x86_64-linux-gnu/libnss_nis-2.23.so
7f1416f49000-7f1416f4a000 r--p 0000a000 08:01 1048859                    /lib/x86_64-linux-gnu/libnss_nis-2.23.so
7f1416f4a000-7f1416f4b000 rw-p 0000b000 08:01 1048859                    /lib/x86_64-linux-gnu/libnss_nis-2.23.so
7f1416f4b000-7f1416f61000 r-xp 00000000 08:01 1048893                    /lib/x86_64-linux-gnu/libnsl-2.23.so
7f1416f61000-7f1417160000 ---p 00016000 08:01 1048893                    /lib/x86_64-linux-gnu/libnsl-2.23.so
7f1417160000-7f1417161000 r--p 00015000 08:01 1048893                    /lib/x86_64-linux-gnu/libnsl-2.23.so
7f1417161000-7f1417162000 rw-p 00016000 08:01 1048893                    /lib/x86_64-linux-gnu/libnsl-2.23.so
7f1417162000-7f1417164000 rw-p 00000000 00:00 0 
7f1417164000-7f141716c000 r-xp 00000000 08:01 1048939                    /lib/x86_64-linux-gnu/libnss_compat-2.23.so
7f141716c000-7f141736b000 ---p 00008000 08:01 1048939                    /lib/x86_64-linux-gnu/libnss_compat-2.23.so
7f141736b000-7f141736c000 r--p 00007000 08:01 1048939                    /lib/x86_64-linux-gnu/libnss_compat-2.23.so
7f141736c000-7f141736d000 rw-p 00008000 08:01 1048939                    /lib/x86_64-linux-gnu/libnss_compat-2.23.so
7f141736d000-7f1417398000 r-xp 00000000 08:01 160227                     /usr/lib/jvm/java-8-oracle/jre/lib/amd64/libjava.so
7f1417398000-7f1417597000 ---p 0002b000 08:01 160227                     /usr/lib/jvm/java-8-oracle/jre/lib/amd64/libjava.so
7f1417597000-7f1417599000 rw-p 0002a000 08:01 160227                     /usr/lib/jvm/java-8-oracle/jre/lib/amd64/libjava.so
7f1417599000-7f14175a6000 r-xp 00000000 08:01 160231                     /usr/lib/jvm/java-8-oracle/jre/lib/amd64/libverify.so
7f14175a6000-7f14177a6000 ---p 0000d000 08:01 160231                     /usr/lib/jvm/java-8-oracle/jre/lib/amd64/libverify.so
7f14177a6000-7f14177a8000 rw-p 0000d000 08:01 160231                     /usr/lib/jvm/java-8-oracle/jre/lib/amd64/libverify.so
7f14177a8000-7f14177af000 r-xp 00000000 08:01 1048833                    /lib/x86_64-linux-gnu/librt-2.23.so
7f14177af000-7f14179ae000 ---p 00007000 08:01 1048833                    /lib/x86_64-linux-gnu/librt-2.23.so
7f14179ae000-7f14179af000 r--p 00006000 08:01 1048833                    /lib/x86_64-linux-gnu/librt-2.23.so
7f14179af000-7f14179b0000 rw-p 00007000 08:01 1048833                    /lib/x86_64-linux-gnu/librt-2.23.so
7f14179b0000-7f1417ab8000 r-xp 00000000 08:01 1048942                    /lib/x86_64-linux-gnu/libm-2.23.so
7f1417ab8000-7f1417cb7000 ---p 00108000 08:01 1048942                    /lib/x86_64-linux-gnu/libm-2.23.so
7f1417cb7000-7f1417cb8000 r--p 00107000 08:01 1048942                    /lib/x86_64-linux-gnu/libm-2.23.so
7f1417cb8000-7f1417cb9000 rw-p 00108000 08:01 1048942                    /lib/x86_64-linux-gnu/libm-2.23.so
7f1417cb9000-7f1418992000 r-xp 00000000 08:01 160196                     /usr/lib/jvm/java-8-oracle/jre/lib/amd64/server/libjvm.so
7f1418992000-7f1418b91000 ---p 00cd9000 08:01 160196                     /usr/lib/jvm/java-8-oracle/jre/lib/amd64/server/libjvm.so
7f1418b91000-7f1418c6a000 rw-p 00cd8000 08:01 160196                     /usr/lib/jvm/java-8-oracle/jre/lib/amd64/server/libjvm.so
7f1418c6a000-7f1418cb6000 rw-p 00000000 00:00 0 
7f1418cb6000-7f1418e76000 r-xp 00000000 08:01 1048938                    /lib/x86_64-linux-gnu/libc-2.23.so
7f1418e76000-7f1419076000 ---p 001c0000 08:01 1048938                    /lib/x86_64-linux-gnu/libc-2.23.so
7f1419076000-7f141907a000 r--p 001c0000 08:01 1048938                    /lib/x86_64-linux-gnu/libc-2.23.so
7f141907a000-7f141907c000 rw-p 001c4000 08:01 1048938                    /lib/x86_64-linux-gnu/libc-2.23.so
7f141907c000-7f1419080000 rw-p 00000000 00:00 0 
7f1419080000-7f1419083000 r-xp 00000000 08:01 1048843                    /lib/x86_64-linux-gnu/libdl-2.23.so
7f1419083000-7f1419282000 ---p 00003000 08:01 1048843                    /lib/x86_64-linux-gnu/libdl-2.23.so
7f1419282000-7f1419283000 r--p 00002000 08:01 1048843                    /lib/x86_64-linux-gnu/libdl-2.23.so
7f1419283000-7f1419284000 rw-p 00003000 08:01 1048843                    /lib/x86_64-linux-gnu/libdl-2.23.so
7f1419284000-7f141929a000 r-xp 00000000 08:01 160239                     /usr/lib/jvm/java-8-oracle/jre/lib/amd64/jli/libjli.so
7f141929a000-7f1419499000 ---p 00016000 08:01 160239                     /usr/lib/jvm/java-8-oracle/jre/lib/amd64/jli/libjli.so
7f1419499000-7f141949a000 rw-p 00015000 08:01 160239                     /usr/lib/jvm/java-8-oracle/jre/lib/amd64/jli/libjli.so
7f141949a000-7f14194b2000 r-xp 00000000 08:01 1048849                    /lib/x86_64-linux-gnu/libpthread-2.23.so
7f14194b2000-7f14196b1000 ---p 00018000 08:01 1048849                    /lib/x86_64-linux-gnu/libpthread-2.23.so
7f14196b1000-7f14196b2000 r--p 00017000 08:01 1048849                    /lib/x86_64-linux-gnu/libpthread-2.23.so
7f14196b2000-7f14196b3000 rw-p 00018000 08:01 1048849                    /lib/x86_64-linux-gnu/libpthread-2.23.so
7f14196b3000-7f14196b7000 rw-p 00000000 00:00 0 
7f14196b7000-7f14196dd000 r-xp 00000000 08:01 1048847                    /lib/x86_64-linux-gnu/ld-2.23.so
7f1419712000-7f14197b7000 rw-p 00000000 00:00 0 
7f14197b7000-7f14197ba000 ---p 00000000 00:00 0 
7f14197ba000-7f14198bd000 rw-p 00000000 00:00 0 
7f14198d2000-7f14198da000 rw-s 00000000 08:01 543209                     /tmp/hsperfdata_kbuilder/10671
7f14198da000-7f14198db000 rw-p 00000000 00:00 0 
7f14198db000-7f14198dc000 ---p 00000000 00:00 0 
7f14198dc000-7f14198dd000 r--p 00025000 08:01 1048847                    /lib/x86_64-linux-gnu/ld-2.23.so
7f14198dd000-7f14198de000 rw-p 00026000 08:01 1048847                    /lib/x86_64-linux-gnu/ld-2.23.so
7f14198de000-7f14198df000 rw-p 00000000 00:00 0 
7fff7a0c5000-7fff7a0e8000 rw-p 00000000 00:00 0                          [stack]
7fff7a12f000-7fff7a132000 r--p 00000000 00:00 0                          [vvar]
7fff7a132000-7fff7a133000 r-xp 00000000 00:00 0                          [vdso]
ffffffffff600000-ffffffffff601000 r-xp 00000000 00:00 0                  [vsyscall]

VM Arguments:
java_command: /home/kbuilder/.cache/synthtool/google-java-format-1.7.jar --replace google-cloud-datastore/src/test/java/com/google/cloud/datastore/StringValueTest.java google-cloud-datastore/src/test/java/com/google/cloud/datastore/StructuredQueryTest.java google-cloud-datastore/src/test/java/com/google/cloud/datastore/ListValueTest.java google-cloud-datastore/src/test/java/com/google/cloud/datastore/TimestampValueTest.java google-cloud-datastore/src/test/java/com/google/cloud/datastore/SerializationTest.java google-cloud-datastore/src/test/java/com/google/cloud/datastore/EntityValueTest.java google-cloud-datastore/src/test/java/com/google/cloud/datastore/TransactionExceptionHandlerTest.java google-cloud-datastore/src/test/java/com/google/cloud/datastore/DatastoreOptionsTest.java google-cloud-datastore/src/test/java/com/google/cloud/datastore/LatLngTest.java google-cloud-datastore/src/test/java/com/google/cloud/datastore/BlobTest.java google-cloud-datastore/src/test/java/com/google/cloud/datastore/CursorTest.java google-cloud-datastore/src/test/java/com/google/cloud/datastore/KeyValueTest.java google-cloud-datastore/src/test/java/com/google/cloud/datastore/IncompleteKeyTest.java google-cloud-datastore/src/test/java/com/google/cloud/datastore/BaseKeyTest.java google-cloud-datastore/src/test/java/com/google/cloud/datastore/FullEntityTest.java google-cloud-datastore/src/test/java/com/google/cloud/datastore/ProjectionEntityTest.java google-cloud-datastore/src/test/java/com/google/cloud/datastore/DatastoreExceptionTest.java google-cloud-datastore/src/test/java/com/google/cloud/datastore/BaseEntityTest.java google-cloud-datastore/src/test/java/com/google/cloud/datastore/DoubleValueTest.java google-cloud-datastore/src/test/java/com/google/cloud/datastore/RawValueTest.java google-cloud-datastore/src/test/java/com/google/cloud/datastore/ITDatastoreTest.java google-cloud-datastore/src/test/java/com/google/cloud/datastore/PathElementTest.java google-cloud-datastore/src/test/
java_class_path (initial): /home/kbuilder/.cache/synthtool/google-java-format-1.7.jar
Launcher Type: SUN_STANDARD

Environment Variables:
JAVA_HOME=/usr/lib/jvm/java-8-oracle
PATH=/tmpfs/src/github/synthtool/env/bin:/home/kbuilder/bazel:/opt/google-cloud-sdk/bin:/home/kbuilder/.pyenv/plugins/pyenv-virtualenv/shims:/home/kbuilder/.pyenv/shims:/home/kbuilder/.pyenv/bin:/usr/local/sbin:/usr/local/bin:/usr/sbin:/usr/bin:/sbin:/bin:/usr/games:/usr/local/games:/snap/bin:/usr/lib/jvm/java-8-oracle/bin:/usr/lib/jvm/java-8-oracle/db/bin:/usr/lib/jvm/java-8-oracle/jre/bin:/usr/local/rvm/bin:/opt/android-sdk/current/bin:/usr/local/go/bin:/usr/local/go/packages/bin:/opt/android-sdk/current/bin:/usr/local/go/bin:/usr/local/go/packages/bin:/opt/kubernetes/client/bin:/opt/android-studio/bin:/usr/local/apache-maven/bin
LD_LIBRARY_PATH=/usr/local/tensorrt/lib
SHELL=/bin/bash

Signal Handlers:
SIGSEGV: [libjvm.so+0xad01e0], sa_mask[0]=11111111011111111101111111111110, sa_flags=SA_RESTART|SA_SIGINFO
SIGBUS: [libjvm.so+0xad01e0], sa_mask[0]=11111111011111111101111111111110, sa_flags=SA_RESTART|SA_SIGINFO
SIGFPE: [libjvm.so+0x927fb0], sa_mask[0]=11111111011111111101111111111110, sa_flags=SA_RESTART|SA_SIGINFO
SIGPIPE: [libjvm.so+0x927fb0], sa_mask[0]=11111111011111111101111111111110, sa_flags=SA_RESTART|SA_SIGINFO
SIGXFSZ: [libjvm.so+0x927fb0], sa_mask[0]=11111111011111111101111111111110, sa_flags=SA_RESTART|SA_SIGINFO
SIGILL: [libjvm.so+0x927fb0], sa_mask[0]=11111111011111111101111111111110, sa_flags=SA_RESTART|SA_SIGINFO
SIGUSR1: SIG_DFL, sa_mask[0]=00000000000000000000000000000000, sa_flags=none
SIGUSR2: [libjvm.so+0x9297f0], sa_mask[0]=00000000000000000000000000000000, sa_flags=SA_RESTART|SA_SIGINFO
SIGHUP: SIG_IGN, sa_mask[0]=00000000000000000000000000000000, sa_flags=none
SIGINT: SIG_IGN, sa_mask[0]=00000000000000000000000000000000, sa_flags=none
SIGTERM: [libjvm.so+0x92abf0], sa_mask[0]=11111111011111111101111111111110, sa_flags=SA_RESTART|SA_SIGINFO
SIGQUIT: [libjvm.so+0x92abf0], sa_mask[0]=11111111011111111101111111111110, sa_flags=SA_RESTART|SA_SIGINFO


---------------  S Y S T E M  ---------------

OS:DISTRIB_ID=Ubuntu
DISTRIB_RELEASE=16.04
DISTRIB_CODENAME=xenial
DISTRIB_DESCRIPTION="Ubuntu 16.04.6 LTS"

uname:Linux 5.0.0-050000rc8-generic #201902242030 SMP Mon Feb 25 01:32:53 UTC 2019 x86_64
libc:glibc 2.23 NPTL 2.23 
rlimit: STACK 8192k, CORE 0k, NPROC 59846, NOFILE 262144, AS infinity
load average:33.49 81.65 80.53

/proc/meminfo:
MemTotal:       15390888 kB
MemFree:          135332 kB
MemAvailable:      71464 kB
Buffers:           17060 kB
Cached:           133792 kB
SwapCached:       123296 kB
Active:         13674248 kB
Inactive:        1308020 kB
Active(anon):   13586764 kB
Inactive(anon):  1245480 kB
Active(file):      87484 kB
Inactive(file):    62540 kB
Unevictable:           0 kB
Mlocked:               0 kB
SwapTotal:       1048572 kB
SwapFree:           4072 kB
Dirty:              6868 kB
Writeback:            32 kB
AnonPages:      14708720 kB
Mapped:            43264 kB
Shmem:              1000 kB
KReclaimable:      52924 kB
Slab:             114060 kB
SReclaimable:      52924 kB
SUnreclaim:        61136 kB
KernelStack:       15024 kB
PageTables:        46992 kB
NFS_Unstable:          0 kB
Bounce:                0 kB
WritebackTmp:          0 kB
CommitLimit:     8744016 kB
Committed_AS:   22415792 kB
VmallocTotal:   34359738367 kB
VmallocUsed:           0 kB
VmallocChunk:          0 kB
Percpu:             1712 kB
HardwareCorrupted:     0 kB
AnonHugePages:         0 kB
ShmemHugePages:        0 kB
ShmemPmdMapped:        0 kB
CmaTotal:              0 kB
CmaFree:               0 kB
HugePages_Total:       0
HugePages_Free:        0
HugePages_Rsvd:        0
HugePages_Surp:        0
Hugepagesize:       2048 kB
Hugetlb:               0 kB
DirectMap4k:      122868 kB
DirectMap2M:     4071424 kB
DirectMap1G:    13631488 kB


CPU:total 4 (initial active 4) (2 cores per cpu, 2 threads per core) family 6 model 79 stepping 0, cmov, cx8, fxsr, mmx, sse, sse2, sse3, ssse3, sse4.1, sse4.2, popcnt, avx, avx2, aes, clmul, erms, rtm, 3dnowpref, lzcnt, ht, tsc, tscinvbit, bmi1, bmi2, adx

/proc/cpuinfo:
processor	: 0
vendor_id	: GenuineIntel
cpu family	: 6
model		: 79
model name	: Intel(R) Xeon(R) CPU @ 2.20GHz
stepping	: 0
microcode	: 0x1
cpu MHz		: 2199.998
cache size	: 56320 KB
physical id	: 0
siblings	: 4
core id		: 0
cpu cores	: 2
apicid		: 0
initial apicid	: 0
fpu		: yes
fpu_exception	: yes
cpuid level	: 13
wp		: yes
flags		: fpu vme de pse tsc msr pae mce cx8 apic sep mtrr pge mca cmov pat pse36 clflush mmx fxsr sse sse2 ss ht syscall nx pdpe1gb rdtscp lm constant_tsc rep_good nopl xtopology nonstop_tsc cpuid tsc_known_freq pni pclmulqdq vmx ssse3 fma cx16 pcid sse4_1 sse4_2 x2apic movbe popcnt aes xsave avx f16c rdrand hypervisor lahf_lm abm 3dnowprefetch invpcid_single pti ssbd ibrs ibpb stibp tpr_shadow flexpriority ept vpid fsgsbase tsc_adjust bmi1 hle avx2 smep bmi2 erms invpcid rtm rdseed adx smap xsaveopt arat arch_capabilities
bugs		: cpu_meltdown spectre_v1 spectre_v2 spec_store_bypass l1tf
bogomips	: 4399.99
clflush size	: 64
cache_alignment	: 64
address sizes	: 46 bits physical, 48 bits virtual
power management:

processor	: 1
vendor_id	: GenuineIntel
cpu family	: 6
model		: 79
model name	: Intel(R) Xeon(R) CPU @ 2.20GHz
stepping	: 0
microcode	: 0x1
cpu MHz		: 2199.998
cache size	: 56320 KB
physical id	: 0
siblings	: 4
core id		: 1
cpu cores	: 2
apicid		: 2
initial apicid	: 2
fpu		: yes
fpu_exception	: yes
cpuid level	: 13
wp		: yes
flags		: fpu vme de pse tsc msr pae mce cx8 apic sep mtrr pge mca cmov pat pse36 clflush mmx fxsr sse sse2 ss ht syscall nx pdpe1gb rdtscp lm constant_tsc rep_good nopl xtopology nonstop_tsc cpuid tsc_known_freq pni pclmulqdq vmx ssse3 fma cx16 pcid sse4_1 sse4_2 x2apic movbe popcnt aes xsave avx f16c rdrand hypervisor lahf_lm abm 3dnowprefetch invpcid_single pti ssbd ibrs ibpb stibp tpr_shadow flexpriority ept vpid fsgsbase tsc_adjust bmi1 hle avx2 smep bmi2 erms invpcid rtm rdseed adx smap xsaveopt arat arch_capabilities
bugs		: cpu_meltdown spectre_v1 spectre_v2 spec_store_bypass l1tf
bogomips	: 4399.99
clflush size	: 64
cache_alignment	: 64
address sizes	: 46 bits physical, 48 bits virtual
power management:

processor	: 2
vendor_id	: GenuineIntel
cpu family	: 6
model		: 79
model name	: Intel(R) Xeon(R) CPU @ 2.20GHz
stepping	: 0
microcode	: 0x1
cpu MHz		: 2199.998
cache size	: 56320 KB
physical id	: 0
siblings	: 4
core id		: 0
cpu cores	: 2
apicid		: 1
initial apicid	: 1
fpu		: yes
fpu_exception	: yes
cpuid level	: 13
wp		: yes
flags		: fpu vme de pse tsc msr pae mce cx8 apic sep mtrr pge mca cmov pat pse36 clflush mmx fxsr sse sse2 ss ht syscall nx pdpe1gb rdtscp lm constant_tsc rep_good nopl xtopology nonstop_tsc cpuid tsc_known_freq pni pclmulqdq vmx ssse3 fma cx16 pcid sse4_1 sse4_2 x2apic movbe popcnt aes xsave avx f16c rdrand hypervisor lahf_lm abm 3dnowprefetch invpcid_single pti ssbd ibrs ibpb stibp tpr_shadow flexpriority ept vpid fsgsbase tsc_adjust bmi1 hle avx2 smep bmi2 erms invpcid rtm rdseed adx smap xsaveopt arat arch_capabilities
bugs		: cpu_meltdown spectre_v1 spectre_v2 spec_store_bypass l1tf
bogomips	: 4399.99
clflush size	: 64
cache_alignment	: 64
address sizes	: 46 bits physical, 48 bits virtual
power management:

processor	: 3
vendor_id	: GenuineIntel
cpu family	: 6
model		: 79
model name	: Intel(R) Xeon(R) CPU @ 2.20GHz
stepping	: 0
microcode	: 0x1
cpu MHz		: 2199.998
cache size	: 56320 KB
physical id	: 0
siblings	: 4
core id		: 1
cpu cores	: 2
apicid		: 3
initial apicid	: 3
fpu		: yes
fpu_exception	: yes
cpuid level	: 13
wp		: yes
flags		: fpu vme de pse tsc msr pae mce cx8 apic sep mtrr pge mca cmov pat pse36 clflush mmx fxsr sse sse2 ss ht syscall nx pdpe1gb rdtscp lm constant_tsc rep_good nopl xtopology nonstop_tsc cpuid tsc_known_freq pni pclmulqdq vmx ssse3 fma cx16 pcid sse4_1 sse4_2 x2apic movbe popcnt aes xsave avx f16c rdrand hypervisor lahf_lm abm 3dnowprefetch invpcid_single pti ssbd ibrs ibpb stibp tpr_shadow flexpriority ept vpid fsgsbase tsc_adjust bmi1 hle avx2 smep bmi2 erms invpcid rtm rdseed adx smap xsaveopt arat arch_capabilities
bugs		: cpu_meltdown spectre_v1 spectre_v2 spec_store_bypass l1tf
bogomips	: 4399.99
clflush size	: 64
cache_alignment	: 64
address sizes	: 46 bits physical, 48 bits virtual
power management:



Memory: 4k page, physical 15390888k(135332k free), swap 1048572k(4072k free)

vm_info: Java HotSpot(TM) 64-Bit Server VM (25.161-b12) for linux-amd64 JRE (1.8.0_161-b12), built on Dec 19 2017 16:12:43 by "java_re" with gcc 4.3.0 20080428 (Red Hat 4.3.0-8)

time: Wed May  6 10:16:51 2020
elapsed time: 2 seconds (0d 0h 0m 2s)

